Connecting to database specified by database.yml
Warning. Error encountered while saving cache /home/pc-ubuntu/Documents/ruby/sitedb/ladecibelle/tmp/cache/sass/67e484382266742405f2b826f238ae93694c90ed/clients.css.scssc: can't dump anonymous class #<Class:0x00000001a7ab10>
Warning. Error encountered while saving cache /home/pc-ubuntu/Documents/ruby/sitedb/ladecibelle/tmp/cache/sass/67e484382266742405f2b826f238ae93694c90ed/command_details_produits.css.scssc: can't dump anonymous class #<Class:0x00000001a7ab10>
Warning. Error encountered while saving cache /home/pc-ubuntu/Documents/ruby/sitedb/ladecibelle/tmp/cache/sass/67e484382266742405f2b826f238ae93694c90ed/command_details_services.css.scssc: can't dump anonymous class #<Class:0x00000001a7ab10>
Warning. Error encountered while saving cache /home/pc-ubuntu/Documents/ruby/sitedb/ladecibelle/tmp/cache/sass/67e484382266742405f2b826f238ae93694c90ed/commands.css.scssc: can't dump anonymous class #<Class:0x00000001a7ab10>
Warning. Error encountered while saving cache /home/pc-ubuntu/Documents/ruby/sitedb/ladecibelle/tmp/cache/sass/67e484382266742405f2b826f238ae93694c90ed/page.css.scssc: can't dump anonymous class #<Class:0x00000001a7ab10>
Warning. Error encountered while saving cache /home/pc-ubuntu/Documents/ruby/sitedb/ladecibelle/tmp/cache/sass/67e484382266742405f2b826f238ae93694c90ed/produits.css.scssc: can't dump anonymous class #<Class:0x00000001a7ab10>
Warning. Error encountered while saving cache /home/pc-ubuntu/Documents/ruby/sitedb/ladecibelle/tmp/cache/sass/67e484382266742405f2b826f238ae93694c90ed/scaffolds.css.scssc: can't dump anonymous class #<Class:0x00000001a7ab10>
Warning. Error encountered while saving cache /home/pc-ubuntu/Documents/ruby/sitedb/ladecibelle/tmp/cache/sass/67e484382266742405f2b826f238ae93694c90ed/services.css.scssc: can't dump anonymous class #<Class:0x00000001a7ab10>
Connecting to database specified by database.yml
Warning. Error encountered while saving cache /home/pc-ubuntu/Documents/ruby/sitedb/ladecibelle/tmp/cache/sass/67e484382266742405f2b826f238ae93694c90ed/clients.css.scssc: can't dump anonymous class #<Class:0x000000022ba050>
Warning. Error encountered while saving cache /home/pc-ubuntu/Documents/ruby/sitedb/ladecibelle/tmp/cache/sass/67e484382266742405f2b826f238ae93694c90ed/command_details_produits.css.scssc: can't dump anonymous class #<Class:0x000000022ba050>
Warning. Error encountered while saving cache /home/pc-ubuntu/Documents/ruby/sitedb/ladecibelle/tmp/cache/sass/67e484382266742405f2b826f238ae93694c90ed/command_details_services.css.scssc: can't dump anonymous class #<Class:0x000000022ba050>
Warning. Error encountered while saving cache /home/pc-ubuntu/Documents/ruby/sitedb/ladecibelle/tmp/cache/sass/67e484382266742405f2b826f238ae93694c90ed/commands.css.scssc: can't dump anonymous class #<Class:0x000000022ba050>
Warning. Error encountered while saving cache /home/pc-ubuntu/Documents/ruby/sitedb/ladecibelle/tmp/cache/sass/67e484382266742405f2b826f238ae93694c90ed/page.css.scssc: can't dump anonymous class #<Class:0x000000022ba050>
Warning. Error encountered while saving cache /home/pc-ubuntu/Documents/ruby/sitedb/ladecibelle/tmp/cache/sass/67e484382266742405f2b826f238ae93694c90ed/produits.css.scssc: can't dump anonymous class #<Class:0x000000022ba050>
Warning. Error encountered while saving cache /home/pc-ubuntu/Documents/ruby/sitedb/ladecibelle/tmp/cache/sass/67e484382266742405f2b826f238ae93694c90ed/scaffolds.css.scssc: can't dump anonymous class #<Class:0x000000022ba050>
Warning. Error encountered while saving cache /home/pc-ubuntu/Documents/ruby/sitedb/ladecibelle/tmp/cache/sass/67e484382266742405f2b826f238ae93694c90ed/services.css.scssc: can't dump anonymous class #<Class:0x000000022ba050>
Connecting to database specified by database.yml
Warning. Error encountered while saving cache /home/pc-ubuntu/Documents/ruby/sitedb/ladecibelle/tmp/cache/sass/67e484382266742405f2b826f238ae93694c90ed/clients.css.scssc: can't dump anonymous class #<Class:0x000000019c1430>
Warning. Error encountered while saving cache /home/pc-ubuntu/Documents/ruby/sitedb/ladecibelle/tmp/cache/sass/67e484382266742405f2b826f238ae93694c90ed/command_details_produits.css.scssc: can't dump anonymous class #<Class:0x000000019c1430>
Warning. Error encountered while saving cache /home/pc-ubuntu/Documents/ruby/sitedb/ladecibelle/tmp/cache/sass/67e484382266742405f2b826f238ae93694c90ed/command_details_services.css.scssc: can't dump anonymous class #<Class:0x000000019c1430>
Warning. Error encountered while saving cache /home/pc-ubuntu/Documents/ruby/sitedb/ladecibelle/tmp/cache/sass/67e484382266742405f2b826f238ae93694c90ed/commands.css.scssc: can't dump anonymous class #<Class:0x000000019c1430>
Warning. Error encountered while saving cache /home/pc-ubuntu/Documents/ruby/sitedb/ladecibelle/tmp/cache/sass/67e484382266742405f2b826f238ae93694c90ed/page.css.scssc: can't dump anonymous class #<Class:0x000000019c1430>
Warning. Error encountered while saving cache /home/pc-ubuntu/Documents/ruby/sitedb/ladecibelle/tmp/cache/sass/67e484382266742405f2b826f238ae93694c90ed/produits.css.scssc: can't dump anonymous class #<Class:0x000000019c1430>
Warning. Error encountered while saving cache /home/pc-ubuntu/Documents/ruby/sitedb/ladecibelle/tmp/cache/sass/67e484382266742405f2b826f238ae93694c90ed/scaffolds.css.scssc: can't dump anonymous class #<Class:0x000000019c1430>
Warning. Error encountered while saving cache /home/pc-ubuntu/Documents/ruby/sitedb/ladecibelle/tmp/cache/sass/67e484382266742405f2b826f238ae93694c90ed/services.css.scssc: can't dump anonymous class #<Class:0x000000019c1430>
Connecting to database specified by database.yml
Warning. Error encountered while saving cache /home/pc-ubuntu/Documents/ruby/sitedb/ladecibelle/tmp/cache/sass/67e484382266742405f2b826f238ae93694c90ed/clients.css.scssc: can't dump anonymous class #<Class:0x000000028b9eb0>
Warning. Error encountered while saving cache /home/pc-ubuntu/Documents/ruby/sitedb/ladecibelle/tmp/cache/sass/67e484382266742405f2b826f238ae93694c90ed/command_details_produits.css.scssc: can't dump anonymous class #<Class:0x000000028b9eb0>
Warning. Error encountered while saving cache /home/pc-ubuntu/Documents/ruby/sitedb/ladecibelle/tmp/cache/sass/67e484382266742405f2b826f238ae93694c90ed/command_details_services.css.scssc: can't dump anonymous class #<Class:0x000000028b9eb0>
Warning. Error encountered while saving cache /home/pc-ubuntu/Documents/ruby/sitedb/ladecibelle/tmp/cache/sass/67e484382266742405f2b826f238ae93694c90ed/commands.css.scssc: can't dump anonymous class #<Class:0x000000028b9eb0>
Warning. Error encountered while saving cache /home/pc-ubuntu/Documents/ruby/sitedb/ladecibelle/tmp/cache/sass/67e484382266742405f2b826f238ae93694c90ed/page.css.scssc: can't dump anonymous class #<Class:0x000000028b9eb0>
Warning. Error encountered while saving cache /home/pc-ubuntu/Documents/ruby/sitedb/ladecibelle/tmp/cache/sass/67e484382266742405f2b826f238ae93694c90ed/produits.css.scssc: can't dump anonymous class #<Class:0x000000028b9eb0>
Warning. Error encountered while saving cache /home/pc-ubuntu/Documents/ruby/sitedb/ladecibelle/tmp/cache/sass/67e484382266742405f2b826f238ae93694c90ed/scaffolds.css.scssc: can't dump anonymous class #<Class:0x000000028b9eb0>
Warning. Error encountered while saving cache /home/pc-ubuntu/Documents/ruby/sitedb/ladecibelle/tmp/cache/sass/67e484382266742405f2b826f238ae93694c90ed/services.css.scssc: can't dump anonymous class #<Class:0x000000028b9eb0>
Connecting to database specified by database.yml
Warning. Error encountered while saving cache /home/pc-ubuntu/Documents/ruby/sitedb/ladecibelle/tmp/cache/sass/67e484382266742405f2b826f238ae93694c90ed/clients.css.scssc: can't dump anonymous class #<Class:0x00000003edbd38>
Warning. Error encountered while saving cache /home/pc-ubuntu/Documents/ruby/sitedb/ladecibelle/tmp/cache/sass/67e484382266742405f2b826f238ae93694c90ed/command_details_produits.css.scssc: can't dump anonymous class #<Class:0x00000003edbd38>
Warning. Error encountered while saving cache /home/pc-ubuntu/Documents/ruby/sitedb/ladecibelle/tmp/cache/sass/67e484382266742405f2b826f238ae93694c90ed/command_details_services.css.scssc: can't dump anonymous class #<Class:0x00000003edbd38>
Warning. Error encountered while saving cache /home/pc-ubuntu/Documents/ruby/sitedb/ladecibelle/tmp/cache/sass/67e484382266742405f2b826f238ae93694c90ed/commands.css.scssc: can't dump anonymous class #<Class:0x00000003edbd38>
Warning. Error encountered while saving cache /home/pc-ubuntu/Documents/ruby/sitedb/ladecibelle/tmp/cache/sass/67e484382266742405f2b826f238ae93694c90ed/page.css.scssc: can't dump anonymous class #<Class:0x00000003edbd38>
Warning. Error encountered while saving cache /home/pc-ubuntu/Documents/ruby/sitedb/ladecibelle/tmp/cache/sass/67e484382266742405f2b826f238ae93694c90ed/produits.css.scssc: can't dump anonymous class #<Class:0x00000003edbd38>
Warning. Error encountered while saving cache /home/pc-ubuntu/Documents/ruby/sitedb/ladecibelle/tmp/cache/sass/67e484382266742405f2b826f238ae93694c90ed/scaffolds.css.scssc: can't dump anonymous class #<Class:0x00000003edbd38>
Warning. Error encountered while saving cache /home/pc-ubuntu/Documents/ruby/sitedb/ladecibelle/tmp/cache/sass/67e484382266742405f2b826f238ae93694c90ed/services.css.scssc: can't dump anonymous class #<Class:0x00000003edbd38>
Connecting to database specified by database.yml
Warning. Error encountered while saving cache /home/pc-ubuntu/Documents/ruby/sitedb/ladecibelle/tmp/cache/sass/67e484382266742405f2b826f238ae93694c90ed/clients.css.scssc: can't dump anonymous class #<Class:0x00000001d43d10>
Warning. Error encountered while saving cache /home/pc-ubuntu/Documents/ruby/sitedb/ladecibelle/tmp/cache/sass/67e484382266742405f2b826f238ae93694c90ed/command_details_produits.css.scssc: can't dump anonymous class #<Class:0x00000001d43d10>
Warning. Error encountered while saving cache /home/pc-ubuntu/Documents/ruby/sitedb/ladecibelle/tmp/cache/sass/67e484382266742405f2b826f238ae93694c90ed/command_details_services.css.scssc: can't dump anonymous class #<Class:0x00000001d43d10>
Warning. Error encountered while saving cache /home/pc-ubuntu/Documents/ruby/sitedb/ladecibelle/tmp/cache/sass/67e484382266742405f2b826f238ae93694c90ed/commands.css.scssc: can't dump anonymous class #<Class:0x00000001d43d10>
Warning. Error encountered while saving cache /home/pc-ubuntu/Documents/ruby/sitedb/ladecibelle/tmp/cache/sass/67e484382266742405f2b826f238ae93694c90ed/page.css.scssc: can't dump anonymous class #<Class:0x00000001d43d10>
Warning. Error encountered while saving cache /home/pc-ubuntu/Documents/ruby/sitedb/ladecibelle/tmp/cache/sass/67e484382266742405f2b826f238ae93694c90ed/produits.css.scssc: can't dump anonymous class #<Class:0x00000001d43d10>
Warning. Error encountered while saving cache /home/pc-ubuntu/Documents/ruby/sitedb/ladecibelle/tmp/cache/sass/67e484382266742405f2b826f238ae93694c90ed/scaffolds.css.scssc: can't dump anonymous class #<Class:0x00000001d43d10>
Warning. Error encountered while saving cache /home/pc-ubuntu/Documents/ruby/sitedb/ladecibelle/tmp/cache/sass/67e484382266742405f2b826f238ae93694c90ed/services.css.scssc: can't dump anonymous class #<Class:0x00000001d43d10>
